{"numTotalTestSuites":4,"numPassedTestSuites":0,"numFailedTestSuites":4,"numPendingTestSuites":0,"numTotalTests":7,"numPassedTests":2,"numFailedTests":4,"numPendingTests":1,"numTodoTests":0,"snapshot":{"added":0,"failure":false,"filesAdded":0,"filesRemoved":0,"filesRemovedList":[],"filesUnmatched":0,"filesUpdated":0,"matched":0,"total":0,"unchecked":0,"uncheckedKeysByFile":[],"unmatched":0,"updated":0,"didUpdate":false},"startTime":1779444323650,"success":false,"testResults":[{"assertionResults":[{"ancestorTitles":["AdminTours"],"fullName":"AdminTours shows upload-driven media fields in the add dialog","status":"failed","title":"shows upload-driven media fields in the add dialog","duration":532.9596000000001,"failureMessages":["TestingLibraryElementError: Unable to find a label with the text of: Main image\n\nIgnored nodes: comments, script, style\n\u001b[36m<body\u001b[39m\n  \u001b[33mdata-scroll-locked\u001b[39m=\u001b[32m\"1\"\u001b[39m\n  \u001b[33mstyle\u001b[39m=\u001b[32m\"pointer-events: none;\"\u001b[39m\n\u001b[36m>\u001b[39m\n  \u001b[36m<span\u001b[39m\n    \u001b[33maria-hidden\u001b[39m=\u001b[32m\"true\"\u001b[39m\n    \u001b[33mdata-aria-hidden\u001b[39m=\u001b[32m\"true\"\u001b[39m\n    \u001b[33mdata-radix-focus-guard\u001b[39m=\u001b[32m\"\"\u001b[39m\n    \u001b[33mstyle\u001b[39m=\u001b[32m\"outline: none; opacity: 0; position: fixed; pointer-events: none;\"\u001b[39m\n    \u001b[33mtabindex\u001b[39m=\u001b[32m\"0\"\u001b[39m\n  \u001b[36m/>\u001b[39m\n  \u001b[36m<div\u001b[39m\n    \u001b[33maria-hidden\u001b[39m=\u001b[32m\"true\"\u001b[39m\n    \u001b[33mdata-aria-hidden\u001b[39m=\u001b[32m\"true\"\u001b[39m\n  \u001b[36m>\u001b[39m\n    \u001b[36m<div\u001b[39m\n      \u001b[33mclass\u001b[39m=\u001b[32m\"group/sidebar-wrapper flex min-h-svh w-full\"\u001b[39m\n      \u001b[33mstyle\u001b[39m=\u001b[32m\"--sidebar-width: 16rem; --sidebar-width-icon: 3rem;\"\u001b[39m\n    \u001b[36m>\u001b[39m\n      \u001b[36m<div\u001b[39m\n        \u001b[33mclass\u001b[39m=\u001b[32m\"group peer hidden text-sidebar-foreground md:block\"\u001b[39m\n        \u001b[33mdata-collapsible\u001b[39m=\u001b[32m\"\"\u001b[39m\n        \u001b[33mdata-side\u001b[39m=\u001b[32m\"left\"\u001b[39m\n        \u001b[33mdata-state\u001b[39m=\u001b[32m\"expanded\"\u001b[39m\n        \u001b[33mdata-variant\u001b[39m=\u001b[32m\"inset\"\u001b[39m\n      \u001b[36m>\u001b[39m\n        \u001b[36m<div\u001b[39m\n          \u001b[33mclass\u001b[39m=\u001b[32m\"relative h-svh w-[--sidebar-width] bg-transparent transition-[width] duration-200 ease-linear group-data-[collapsible=offcanvas]:w-0 group-data-[side=right]:rotate-180 group-data-[collapsible=icon]:w-[calc(var(--sidebar-width-icon)_+_theme(spacing.4))]\"\u001b[39m\n        \u001b[36m/>\u001b[39m\n        \u001b[36m<div\u001b[39m\n          \u001b[33mclass\u001b[39m=\u001b[32m\"fixed inset-y-0 z-30 hidden h-svh w-[--sidebar-width] transition-[left,right,width] duration-200 ease-linear md:flex left-0 group-data-[collapsible=offcanvas]:left-[calc(var(--sidebar-width)*-1)] px-0 group-data-[collapsible=icon]:w-[calc(var(--sidebar-width-icon)_+_theme(spacing.4)_+2px)] group-data-[side=right]:border-l\"\u001b[39m\n        \u001b[36m>\u001b[39m\n          \u001b[36m<div\u001b[39m\n            \u001b[33mclass\u001b[39m=\u001b[32m\"flex h-full w-full flex-col bg-sidebar group-data-[variant=floating]:rounded-lg group-data-[variant=floating]:border group-data-[variant=floating]:border-sidebar-border group-data-[variant=floating]:shadow\"\u001b[39m\n            \u001b[33mdata-sidebar\u001b[39m=\u001b[32m\"sidebar\"\u001b[39m\n          \u001b[36m>\u001b[39m\n            \u001b[36m<div\u001b[39m\n              \u001b[33mclass\u001b[39m=\u001b[32m\"flex flex-col gap-2 p-2 border-b border-sidebar-border/60\"\u001b[39m\n              \u001b[33mdata-sidebar\u001b[39m=\u001b[32m\"header\"\u001b[39m\n            \u001b[36m>\u001b[39m\n              \u001b[36m<ul\u001b[39m\n                \u001b[33mclass\u001b[39m=\u001b[32m\"flex w-full min-w-0 flex-col gap-1\"\u001b[39m\n                \u001b[33mdata-sidebar\u001b[39m=\u001b[32m\"menu\"\u001b[39m\n              \u001b[36m>\u001b[39m\n                \u001b[36m<li\u001b[39m\n                  \u001b[33mclass\u001b[39m=\u001b[32m\"group/menu-item relative group-data-[collapsible=icon]:flex group-data-[collapsible=icon]:justify-center group-data-[collapsible=icon]:items-center\"\u001b[39m\n                  \u001b[33mdata-sidebar\u001b[39m=\u001b[32m\"menu-item\"\u001b[39m\n                \u001b[36m>\u001b[39m\n                  \u001b[36m<a\u001b[39m\n                    \u001b[33mclass\u001b[39m=\u001b[32m\"peer/menu-button flex w-full items-center gap-3 overflow-hidden rounded-xl px-4 py-2.5 text-left font-medium outline-none ring-sidebar-ring transition-all focus-visible:ring-2 disabled:pointer-events-none disabled:opacity-50 group-has-[[data-sidebar=menu-action]]/menu-item:pr-8 aria-disabled:pointer-events-none aria-disabled:opacity-50 data-[state=open]:hover:bg-sidebar-accent data-[state=open]:hover:text-sidebar-accent-foreground group-data-[collapsible=icon]:!size-8 group-data-[collapsible=icon]:justify-center group-data-[collapsible=icon]:overflow-visible [&>span:last-child]:truncate [&>svg]:size-4 [&>svg]:shrink-0 [&>span]:group-data-[collapsible=icon]:hidden [&>[class*='grid']]:group-data-[collapsible=icon]:contents [&>[class*='grid']>div]:group-data-[collapsible=icon]:hidden [&>[class*='grid']>img]:group-data-[collapsible=icon]:h-5 [&>[class*='grid']>img]:group-data-[collapsible=icon]:w-5 text-sidebar-foreground/60 hover:bg-sidebar-accent hover:text-sidebar-foreground data-[active=true]:bg-sidebar-primary data-[active=true]:text-sidebar-primary-foreground h-12 text-sm group-data-[collapsible=icon]:!p-0 gap-2 group-data-[collapsible=icon]:justify-center group-data-[collapsible=icon]:!px-0\"\u001b[39m\n                    \u001b[33mdata-active\u001b[39m=\u001b[32m\"false\"\u001b[39m\n                    \u001b[33mdata-sidebar\u001b[39m=\u001b[32m\"menu-button\"\u001b[39m\n                    \u001b[33mdata-size\u001b[39m=\u001b[32m\"lg\"\u001b[39m\n                    \u001b[33mdata-state\u001b[39m=\u001b[32m\"closed\"\u001b[39m\n                    \u001b[33mhref\u001b[39m=\u001b[32m\"/\"\u001b[39m\n                  \u001b[36m>\u001b[39m\n                    \u001b[36m<div\u001b[39m\n                      \u001b[33mclass\u001b[39m=\u001b[32m\"grid flex-1 items-center gap-0 text-sm leading-tight group-data-[collapsible=icon]:hidden text-left\"\u001b[39m\n                    \u001b[36m>\u001b[39m\n                      \u001b[36m<img\u001b[39m\n                        \u001b[33malt\u001b[39m=\u001b[32m\"BelAzurTravel logo\"\u001b[39m\n                        \u001b[33mclass\u001b[39m=\u001b[32m\"h-5 w-auto\"\u001b[39m\n                        \u001b[33mloading\u001b[39m=\u001b[32m\"eager\"\u001b[39m\n                        \u001b[33msrc\u001b[39m=\u001b[32m\"undefined/resources/js/assets/brand-logo.png\"\u001b[39m\n                      \u001b[36m/>\u001b[39m\n                      \u001b[36m<div\u001b[39m\n                        \u001b[33mclass\u001b[39m=\u001b[32m\"flex flex-col leading-tight\"\u001b[39m\n                      \u001b[36m>\u001b[39m\n                        \u001b[36m<span\u001b[39m\n                          \u001b[33mclass\u001b[39m=\u001b[32m\"truncate font-semibold\"\u001b[39m\n                        \u001b[36m>\u001b[39m\n                          \u001b[0mBelAzurTravel\u001b[0m\n                        \u001b[36m</span>\u001b[39m\n                        \u001b[36m<span\u001b[39m\n                          \u001b[33mclass\u001b[39m=\u001b[32m\"truncate text-xs text-sidebar-foreground/60\"\u001b[39m\n                        \u001b[36m>\u001b[39m\n                          \u001b[0mAdmin Panel\u001b[0m\n                        \u001b[36m</span>\u001b[39m\n                      \u001b[36m</div>\u001b[39m\n                    \u001b[36m</div>\u001b[39m\n                  \u001b[36m</a>\u001b[39m\n                \u001b[36m</li>\u001b[39m\n              \u001b[36m</ul>\u001b[39m\n            \u001b[36m</div>\u001b[39m\n            \u001b[36m<div\u001b[39m\n              \u001b[33mclass\u001b[39m=\u001b[32m\"flex min-h-0 flex-1 flex-col gap-2 overflow-auto group-data-[collapsible=icon]:overflow-hidden\"\u001b[39m\n              \u001b[33mdata-sidebar\u001b[39m=\u001b[32m\"content\"\u001b[39m\n            \u001b[36m>\u001b[39m\n              \u001b[36m<div\u001b[39m\n                \u001b[33mclass\u001b[39m=\u001b[32m\"relative flex w-full min-w-0 flex-col p-2\"\u001b[39m\n                \u001b[33mdata-sidebar\u001b[39m=\u001b[32m\"group\"\u001b[39m\n              \u001b[36m>\u001b[39m\n                \u001b[36m<div\u001b[39m\n                  \u001b[33mclass\u001b[39m=\u001b[32m\"flex h-8 shrink-0 items-center rounded-md px-2 text-xs font-medium text-sidebar-foreground/70 outline-none ring-sidebar-ring transition-[margin,opa] duration-200 ease-linear focus-visible:ring-2 [&>svg]:size-4 [&>svg]:shrink-0 group-data-[collapsible=icon]:-mt-8 group-data-[collapsible=icon]:opacity-0\"\u001b[39m\n                  \u001b[33mdata-sidebar\u001b[39m=\u001b[32m\"group-label\"\u001b[39m\n                \u001b[36m>\u001b[39m\n                  \u001b[0mAdmin Panel\u001b[0m\n                \u001b[36m</div>\u001b[39m\n                \u001b[36m<ul\u001b[39m\n                  \u001b[33mclass\u001b[39m=\u001b[32m\"flex w-full min-w-0 flex-c...\n    at Object.getElementError (D:\\projects\\belAzurTravel\\node_modules\\@testing-library\\dom\\dist\\config.js:37:19)\n    at getAllByLabelText (D:\\projects\\belAzurTravel\\node_modules\\@testing-library\\dom\\dist\\queries\\label-text.js:111:38)\n    at D:\\projects\\belAzurTravel\\node_modules\\@testing-library\\dom\\dist\\query-helpers.js:52:17\n    at D:\\projects\\belAzurTravel\\node_modules\\@testing-library\\dom\\dist\\query-helpers.js:95:19\n    at D:\\projects\\belAzurTravel\\resources\\js\\test\\AdminTourForm.test.tsx:71:23\n    at runNextTicks (node:internal/process/task_queues:65:5)\n    at listOnTimeout (node:internal/timers:567:9)\n    at processTimers (node:internal/timers:541:7)\n    at file:///D:/projects/belAzurTravel/node_modules/@vitest/runner/dist/chunk-hooks.js:752:20"],"meta":{}},{"ancestorTitles":["AdminTours"],"fullName":"AdminTours keeps the tour page language independent from the dialog toggle","status":"passed","title":"keeps the tour page language independent from the dialog toggle","duration":815.3510000000001,"failureMessages":[],"meta":{}},{"ancestorTitles":["AdminTours"],"fullName":"AdminTours shows existing gallery images when editing a tour with images payload","status":"failed","title":"shows existing gallery images when editing a tour with images payload","duration":1420.3888000000002,"failureMessages":["Error: Unable to find role=\"button\" and name `/edit/i`\n\nIgnored nodes: comments, script, style\n\u001b[36m<body\u001b[39m\n  \u001b[33mdata-scroll-locked\u001b[39m=\u001b[32m\"2\"\u001b[39m\n  \u001b[33mstyle\u001b[39m=\u001b[32m\"pointer-events: none;\"\u001b[39m\n\u001b[36m>\u001b[39m\n  \u001b[36m<span\u001b[39m\n    \u001b[33maria-hidden\u001b[39m=\u001b[32m\"true\"\u001b[39m\n    \u001b[33mdata-aria-hidden\u001b[39m=\u001b[32m\"true\"\u001b[39m\n    \u001b[33mdata-radix-focus-guard\u001b[39m=\u001b[32m\"\"\u001b[39m\n    \u001b[33mstyle\u001b[39m=\u001b[32m\"outline: none; opacity: 0; position: fixed; pointer-events: none;\"\u001b[39m\n    \u001b[33mtabindex\u001b[39m=\u001b[32m\"0\"\u001b[39m\n  \u001b[36m/>\u001b[39m\n  \u001b[36m<div\u001b[39m\n    \u001b[33maria-hidden\u001b[39m=\u001b[32m\"true\"\u001b[39m\n    \u001b[33mdata-aria-hidden\u001b[39m=\u001b[32m\"true\"\u001b[39m\n  \u001b[36m>\u001b[39m\n    \u001b[36m<div\u001b[39m\n      \u001b[33mclass\u001b[39m=\u001b[32m\"group/sidebar-wrapper flex min-h-svh w-full\"\u001b[39m\n      \u001b[33mstyle\u001b[39m=\u001b[32m\"--sidebar-width: 16rem; --sidebar-width-icon: 3rem;\"\u001b[39m\n    \u001b[36m>\u001b[39m\n      \u001b[36m<div\u001b[39m\n        \u001b[33mclass\u001b[39m=\u001b[32m\"group peer hidden text-sidebar-foreground md:block\"\u001b[39m\n        \u001b[33mdata-collapsible\u001b[39m=\u001b[32m\"\"\u001b[39m\n        \u001b[33mdata-side\u001b[39m=\u001b[32m\"left\"\u001b[39m\n        \u001b[33mdata-state\u001b[39m=\u001b[32m\"expanded\"\u001b[39m\n        \u001b[33mdata-variant\u001b[39m=\u001b[32m\"inset\"\u001b[39m\n      \u001b[36m>\u001b[39m\n        \u001b[36m<div\u001b[39m\n          \u001b[33mclass\u001b[39m=\u001b[32m\"relative h-svh w-[--sidebar-width] bg-transparent transition-[width] duration-200 ease-linear group-data-[collapsible=offcanvas]:w-0 group-data-[side=right]:rotate-180 group-data-[collapsible=icon]:w-[calc(var(--sidebar-width-icon)_+_theme(spacing.4))]\"\u001b[39m\n        \u001b[36m/>\u001b[39m\n        \u001b[36m<div\u001b[39m\n          \u001b[33mclass\u001b[39m=\u001b[32m\"fixed inset-y-0 z-30 hidden h-svh w-[--sidebar-width] transition-[left,right,width] duration-200 ease-linear md:flex left-0 group-data-[collapsible=offcanvas]:left-[calc(var(--sidebar-width)*-1)] px-0 group-data-[collapsible=icon]:w-[calc(var(--sidebar-width-icon)_+_theme(spacing.4)_+2px)] group-data-[side=right]:border-l\"\u001b[39m\n        \u001b[36m>\u001b[39m\n          \u001b[36m<div\u001b[39m\n            \u001b[33mclass\u001b[39m=\u001b[32m\"flex h-full w-full flex-col bg-sidebar group-data-[variant=floating]:rounded-lg group-data-[variant=floating]:border group-data-[variant=floating]:border-sidebar-border group-data-[variant=floating]:shadow\"\u001b[39m\n            \u001b[33mdata-sidebar\u001b[39m=\u001b[32m\"sidebar\"\u001b[39m\n          \u001b[36m>\u001b[39m\n            \u001b[36m<div\u001b[39m\n              \u001b[33mclass\u001b[39m=\u001b[32m\"flex flex-col gap-2 p-2 border-b border-sidebar-border/60\"\u001b[39m\n              \u001b[33mdata-sidebar\u001b[39m=\u001b[32m\"header\"\u001b[39m\n            \u001b[36m>\u001b[39m\n              \u001b[36m<ul\u001b[39m\n                \u001b[33mclass\u001b[39m=\u001b[32m\"flex w-full min-w-0 flex-col gap-1\"\u001b[39m\n                \u001b[33mdata-sidebar\u001b[39m=\u001b[32m\"menu\"\u001b[39m\n              \u001b[36m>\u001b[39m\n                \u001b[36m<li\u001b[39m\n                  \u001b[33mclass\u001b[39m=\u001b[32m\"group/menu-item relative group-data-[collapsible=icon]:flex group-data-[collapsible=icon]:justify-center group-data-[collapsible=icon]:items-center\"\u001b[39m\n                  \u001b[33mdata-sidebar\u001b[39m=\u001b[32m\"menu-item\"\u001b[39m\n                \u001b[36m>\u001b[39m\n                  \u001b[36m<a\u001b[39m\n                    \u001b[33mclass\u001b[39m=\u001b[32m\"peer/menu-button flex w-full items-center gap-3 overflow-hidden rounded-xl px-4 py-2.5 text-left font-medium outline-none ring-sidebar-ring transition-all focus-visible:ring-2 disabled:pointer-events-none disabled:opacity-50 group-has-[[data-sidebar=menu-action]]/menu-item:pr-8 aria-disabled:pointer-events-none aria-disabled:opacity-50 data-[state=open]:hover:bg-sidebar-accent data-[state=open]:hover:text-sidebar-accent-foreground group-data-[collapsible=icon]:!size-8 group-data-[collapsible=icon]:justify-center group-data-[collapsible=icon]:overflow-visible [&>span:last-child]:truncate [&>svg]:size-4 [&>svg]:shrink-0 [&>span]:group-data-[collapsible=icon]:hidden [&>[class*='grid']]:group-data-[collapsible=icon]:contents [&>[class*='grid']>div]:group-data-[collapsible=icon]:hidden [&>[class*='grid']>img]:group-data-[collapsible=icon]:h-5 [&>[class*='grid']>img]:group-data-[collapsible=icon]:w-5 text-sidebar-foreground/60 hover:bg-sidebar-accent hover:text-sidebar-foreground data-[active=true]:bg-sidebar-primary data-[active=true]:text-sidebar-primary-foreground h-12 text-sm group-data-[collapsible=icon]:!p-0 gap-2 group-data-[collapsible=icon]:justify-center group-data-[collapsible=icon]:!px-0\"\u001b[39m\n                    \u001b[33mdata-active\u001b[39m=\u001b[32m\"false\"\u001b[39m\n                    \u001b[33mdata-sidebar\u001b[39m=\u001b[32m\"menu-button\"\u001b[39m\n                    \u001b[33mdata-size\u001b[39m=\u001b[32m\"lg\"\u001b[39m\n                    \u001b[33mdata-state\u001b[39m=\u001b[32m\"closed\"\u001b[39m\n                    \u001b[33mhref\u001b[39m=\u001b[32m\"/\"\u001b[39m\n                  \u001b[36m>\u001b[39m\n                    \u001b[36m<div\u001b[39m\n                      \u001b[33mclass\u001b[39m=\u001b[32m\"grid flex-1 items-center gap-0 text-sm leading-tight group-data-[collapsible=icon]:hidden text-left\"\u001b[39m\n                    \u001b[36m>\u001b[39m\n                      \u001b[36m<img\u001b[39m\n                        \u001b[33malt\u001b[39m=\u001b[32m\"BelAzurTravel logo\"\u001b[39m\n                        \u001b[33mclass\u001b[39m=\u001b[32m\"h-5 w-auto\"\u001b[39m\n                        \u001b[33mloading\u001b[39m=\u001b[32m\"eager\"\u001b[39m\n                        \u001b[33msrc\u001b[39m=\u001b[32m\"undefined/resources/js/assets/brand-logo.png\"\u001b[39m\n                      \u001b[36m/>\u001b[39m\n                      \u001b[36m<div\u001b[39m\n                        \u001b[33mclass\u001b[39m=\u001b[32m\"flex flex-col leading-tight\"\u001b[39m\n                      \u001b[36m>\u001b[39m\n                        \u001b[36m<span\u001b[39m\n                          \u001b[33mclass\u001b[39m=\u001b[32m\"truncate font-semibold\"\u001b[39m\n                        \u001b[36m>\u001b[39m\n                          \u001b[0mBelAzurTravel\u001b[0m\n                        \u001b[36m</span>\u001b[39m\n                        \u001b[36m<span\u001b[39m\n                          \u001b[33mclass\u001b[39m=\u001b[32m\"truncate text-xs text-sidebar-foreground/60\"\u001b[39m\n                        \u001b[36m>\u001b[39m\n                          \u001b[0mAdmin Panel\u001b[0m\n                        \u001b[36m</span>\u001b[39m\n                      \u001b[36m</div>\u001b[39m\n                    \u001b[36m</div>\u001b[39m\n                  \u001b[36m</a>\u001b[39m\n                \u001b[36m</li>\u001b[39m\n              \u001b[36m</ul>\u001b[39m\n            \u001b[36m</div>\u001b[39m\n            \u001b[36m<div\u001b[39m\n              \u001b[33mclass\u001b[39m=\u001b[32m\"flex min-h-0 flex-1 flex-col gap-2 overflow-auto group-data-[collapsible=icon]:overflow-hidden\"\u001b[39m\n              \u001b[33mdata-sidebar\u001b[39m=\u001b[32m\"content\"\u001b[39m\n            \u001b[36m>\u001b[39m\n              \u001b[36m<div\u001b[39m\n                \u001b[33mclass\u001b[39m=\u001b[32m\"relative flex w-full min-w-0 flex-col p-2\"\u001b[39m\n                \u001b[33mdata-sidebar\u001b[39m=\u001b[32m\"group\"\u001b[39m\n              \u001b[36m>\u001b[39m\n                \u001b[36m<div\u001b[39m\n                  \u001b[33mclass\u001b[39m=\u001b[32m\"flex h-8 shrink-0 items-center rounded-md px-2 text-xs font-medium text-sidebar-foreground/70 outline-none ring-sidebar-ring transition-[margin,opa] duration-200 ease-linear focus-visible:ring-2 [&>svg]:size-4 [&>svg]:shrink-0 group-data-[collapsible=icon]:-mt-8 group-data-[collapsible=icon]:opacity-0\"\u001b[39m\n                  \u001b[33mdata-sidebar\u001b[39m=\u001b[32m\"group-label\"\u001b[39m\n                \u001b[36m>\u001b[39m\n                  \u001b[0mAdmin Panel\u001b[0m\n                \u001b[36m</div>\u001b[39m\n                \u001b[36m<ul\u001b[39m\n                  \u001b[33mclass\u001b[39m=\u001b[32m\"flex w-full min-w-0 flex-c...\n    at Proxy.waitForWrapper (D:\\projects\\belAzurTravel\\node_modules\\@testing-library\\dom\\dist\\wait-for.js:163:27)\n    at D:\\projects\\belAzurTravel\\resources\\js\\test\\AdminTourForm.test.tsx:143:15\n    at file:///D:/projects/belAzurTravel/node_modules/@vitest/runner/dist/chunk-hooks.js:155:11\n    at file:///D:/projects/belAzurTravel/node_modules/@vitest/runner/dist/chunk-hooks.js:752:26\n    at file:///D:/projects/belAzurTravel/node_modules/@vitest/runner/dist/chunk-hooks.js:1897:20\n    at new Promise (<anonymous>)\n    at runWithTimeout (file:///D:/projects/belAzurTravel/node_modules/@vitest/runner/dist/chunk-hooks.js:1863:10)\n    at runTest (file:///D:/projects/belAzurTravel/node_modules/@vitest/runner/dist/chunk-hooks.js:1574:12)\n    at runSuite (file:///D:/projects/belAzurTravel/node_modules/@vitest/runner/dist/chunk-hooks.js:1729:8)\n    at runSuite (file:///D:/projects/belAzurTravel/node_modules/@vitest/runner/dist/chunk-hooks.js:1729:8)"],"meta":{}},{"ancestorTitles":["AdminTours"],"fullName":"AdminTours submits updated gallery images after removing an existing image","status":"failed","title":"submits updated gallery images after removing an existing image","duration":1674.1036000000004,"failureMessages":["Error: Unable to find role=\"button\" and name `/edit/i`\n\nIgnored nodes: comments, script, style\n\u001b[36m<body\u001b[39m\n  \u001b[33mdata-scroll-locked\u001b[39m=\u001b[32m\"2\"\u001b[39m\n  \u001b[33mstyle\u001b[39m=\u001b[32m\"pointer-events: none;\"\u001b[39m\n\u001b[36m>\u001b[39m\n  \u001b[36m<span\u001b[39m\n    \u001b[33maria-hidden\u001b[39m=\u001b[32m\"true\"\u001b[39m\n    \u001b[33mdata-aria-hidden\u001b[39m=\u001b[32m\"true\"\u001b[39m\n    \u001b[33mdata-radix-focus-guard\u001b[39m=\u001b[32m\"\"\u001b[39m\n    \u001b[33mstyle\u001b[39m=\u001b[32m\"outline: none; opacity: 0; position: fixed; pointer-events: none;\"\u001b[39m\n    \u001b[33mtabindex\u001b[39m=\u001b[32m\"0\"\u001b[39m\n  \u001b[36m/>\u001b[39m\n  \u001b[36m<div\u001b[39m\n    \u001b[33maria-hidden\u001b[39m=\u001b[32m\"true\"\u001b[39m\n    \u001b[33mdata-aria-hidden\u001b[39m=\u001b[32m\"true\"\u001b[39m\n  \u001b[36m>\u001b[39m\n    \u001b[36m<div\u001b[39m\n      \u001b[33mclass\u001b[39m=\u001b[32m\"group/sidebar-wrapper flex min-h-svh w-full\"\u001b[39m\n      \u001b[33mstyle\u001b[39m=\u001b[32m\"--sidebar-width: 16rem; --sidebar-width-icon: 3rem;\"\u001b[39m\n    \u001b[36m>\u001b[39m\n      \u001b[36m<div\u001b[39m\n        \u001b[33mclass\u001b[39m=\u001b[32m\"group peer hidden text-sidebar-foreground md:block\"\u001b[39m\n        \u001b[33mdata-collapsible\u001b[39m=\u001b[32m\"\"\u001b[39m\n        \u001b[33mdata-side\u001b[39m=\u001b[32m\"left\"\u001b[39m\n        \u001b[33mdata-state\u001b[39m=\u001b[32m\"expanded\"\u001b[39m\n        \u001b[33mdata-variant\u001b[39m=\u001b[32m\"inset\"\u001b[39m\n      \u001b[36m>\u001b[39m\n        \u001b[36m<div\u001b[39m\n          \u001b[33mclass\u001b[39m=\u001b[32m\"relative h-svh w-[--sidebar-width] bg-transparent transition-[width] duration-200 ease-linear group-data-[collapsible=offcanvas]:w-0 group-data-[side=right]:rotate-180 group-data-[collapsible=icon]:w-[calc(var(--sidebar-width-icon)_+_theme(spacing.4))]\"\u001b[39m\n        \u001b[36m/>\u001b[39m\n        \u001b[36m<div\u001b[39m\n          \u001b[33mclass\u001b[39m=\u001b[32m\"fixed inset-y-0 z-30 hidden h-svh w-[--sidebar-width] transition-[left,right,width] duration-200 ease-linear md:flex left-0 group-data-[collapsible=offcanvas]:left-[calc(var(--sidebar-width)*-1)] px-0 group-data-[collapsible=icon]:w-[calc(var(--sidebar-width-icon)_+_theme(spacing.4)_+2px)] group-data-[side=right]:border-l\"\u001b[39m\n        \u001b[36m>\u001b[39m\n          \u001b[36m<div\u001b[39m\n            \u001b[33mclass\u001b[39m=\u001b[32m\"flex h-full w-full flex-col bg-sidebar group-data-[variant=floating]:rounded-lg group-data-[variant=floating]:border group-data-[variant=floating]:border-sidebar-border group-data-[variant=floating]:shadow\"\u001b[39m\n            \u001b[33mdata-sidebar\u001b[39m=\u001b[32m\"sidebar\"\u001b[39m\n          \u001b[36m>\u001b[39m\n            \u001b[36m<div\u001b[39m\n              \u001b[33mclass\u001b[39m=\u001b[32m\"flex flex-col gap-2 p-2 border-b border-sidebar-border/60\"\u001b[39m\n              \u001b[33mdata-sidebar\u001b[39m=\u001b[32m\"header\"\u001b[39m\n            \u001b[36m>\u001b[39m\n              \u001b[36m<ul\u001b[39m\n                \u001b[33mclass\u001b[39m=\u001b[32m\"flex w-full min-w-0 flex-col gap-1\"\u001b[39m\n                \u001b[33mdata-sidebar\u001b[39m=\u001b[32m\"menu\"\u001b[39m\n              \u001b[36m>\u001b[39m\n                \u001b[36m<li\u001b[39m\n                  \u001b[33mclass\u001b[39m=\u001b[32m\"group/menu-item relative group-data-[collapsible=icon]:flex group-data-[collapsible=icon]:justify-center group-data-[collapsible=icon]:items-center\"\u001b[39m\n                  \u001b[33mdata-sidebar\u001b[39m=\u001b[32m\"menu-item\"\u001b[39m\n                \u001b[36m>\u001b[39m\n                  \u001b[36m<a\u001b[39m\n                    \u001b[33mclass\u001b[39m=\u001b[32m\"peer/menu-button flex w-full items-center gap-3 overflow-hidden rounded-xl px-4 py-2.5 text-left font-medium outline-none ring-sidebar-ring transition-all focus-visible:ring-2 disabled:pointer-events-none disabled:opacity-50 group-has-[[data-sidebar=menu-action]]/menu-item:pr-8 aria-disabled:pointer-events-none aria-disabled:opacity-50 data-[state=open]:hover:bg-sidebar-accent data-[state=open]:hover:text-sidebar-accent-foreground group-data-[collapsible=icon]:!size-8 group-data-[collapsible=icon]:justify-center group-data-[collapsible=icon]:overflow-visible [&>span:last-child]:truncate [&>svg]:size-4 [&>svg]:shrink-0 [&>span]:group-data-[collapsible=icon]:hidden [&>[class*='grid']]:group-data-[collapsible=icon]:contents [&>[class*='grid']>div]:group-data-[collapsible=icon]:hidden [&>[class*='grid']>img]:group-data-[collapsible=icon]:h-5 [&>[class*='grid']>img]:group-data-[collapsible=icon]:w-5 text-sidebar-foreground/60 hover:bg-sidebar-accent hover:text-sidebar-foreground data-[active=true]:bg-sidebar-primary data-[active=true]:text-sidebar-primary-foreground h-12 text-sm group-data-[collapsible=icon]:!p-0 gap-2 group-data-[collapsible=icon]:justify-center group-data-[collapsible=icon]:!px-0\"\u001b[39m\n                    \u001b[33mdata-active\u001b[39m=\u001b[32m\"false\"\u001b[39m\n                    \u001b[33mdata-sidebar\u001b[39m=\u001b[32m\"menu-button\"\u001b[39m\n                    \u001b[33mdata-size\u001b[39m=\u001b[32m\"lg\"\u001b[39m\n                    \u001b[33mdata-state\u001b[39m=\u001b[32m\"closed\"\u001b[39m\n                    \u001b[33mhref\u001b[39m=\u001b[32m\"/\"\u001b[39m\n                  \u001b[36m>\u001b[39m\n                    \u001b[36m<div\u001b[39m\n                      \u001b[33mclass\u001b[39m=\u001b[32m\"grid flex-1 items-center gap-0 text-sm leading-tight group-data-[collapsible=icon]:hidden text-left\"\u001b[39m\n                    \u001b[36m>\u001b[39m\n                      \u001b[36m<img\u001b[39m\n                        \u001b[33malt\u001b[39m=\u001b[32m\"BelAzurTravel logo\"\u001b[39m\n                        \u001b[33mclass\u001b[39m=\u001b[32m\"h-5 w-auto\"\u001b[39m\n                        \u001b[33mloading\u001b[39m=\u001b[32m\"eager\"\u001b[39m\n                        \u001b[33msrc\u001b[39m=\u001b[32m\"undefined/resources/js/assets/brand-logo.png\"\u001b[39m\n                      \u001b[36m/>\u001b[39m\n                      \u001b[36m<div\u001b[39m\n                        \u001b[33mclass\u001b[39m=\u001b[32m\"flex flex-col leading-tight\"\u001b[39m\n                      \u001b[36m>\u001b[39m\n                        \u001b[36m<span\u001b[39m\n                          \u001b[33mclass\u001b[39m=\u001b[32m\"truncate font-semibold\"\u001b[39m\n                        \u001b[36m>\u001b[39m\n                          \u001b[0mBelAzurTravel\u001b[0m\n                        \u001b[36m</span>\u001b[39m\n                        \u001b[36m<span\u001b[39m\n                          \u001b[33mclass\u001b[39m=\u001b[32m\"truncate text-xs text-sidebar-foreground/60\"\u001b[39m\n                        \u001b[36m>\u001b[39m\n                          \u001b[0mAdmin Panel\u001b[0m\n                        \u001b[36m</span>\u001b[39m\n                      \u001b[36m</div>\u001b[39m\n                    \u001b[36m</div>\u001b[39m\n                  \u001b[36m</a>\u001b[39m\n                \u001b[36m</li>\u001b[39m\n              \u001b[36m</ul>\u001b[39m\n            \u001b[36m</div>\u001b[39m\n            \u001b[36m<div\u001b[39m\n              \u001b[33mclass\u001b[39m=\u001b[32m\"flex min-h-0 flex-1 flex-col gap-2 overflow-auto group-data-[collapsible=icon]:overflow-hidden\"\u001b[39m\n              \u001b[33mdata-sidebar\u001b[39m=\u001b[32m\"content\"\u001b[39m\n            \u001b[36m>\u001b[39m\n              \u001b[36m<div\u001b[39m\n                \u001b[33mclass\u001b[39m=\u001b[32m\"relative flex w-full min-w-0 flex-col p-2\"\u001b[39m\n                \u001b[33mdata-sidebar\u001b[39m=\u001b[32m\"group\"\u001b[39m\n              \u001b[36m>\u001b[39m\n                \u001b[36m<div\u001b[39m\n                  \u001b[33mclass\u001b[39m=\u001b[32m\"flex h-8 shrink-0 items-center rounded-md px-2 text-xs font-medium text-sidebar-foreground/70 outline-none ring-sidebar-ring transition-[margin,opa] duration-200 ease-linear focus-visible:ring-2 [&>svg]:size-4 [&>svg]:shrink-0 group-data-[collapsible=icon]:-mt-8 group-data-[collapsible=icon]:opacity-0\"\u001b[39m\n                  \u001b[33mdata-sidebar\u001b[39m=\u001b[32m\"group-label\"\u001b[39m\n                \u001b[36m>\u001b[39m\n                  \u001b[0mAdmin Panel\u001b[0m\n                \u001b[36m</div>\u001b[39m\n                \u001b[36m<ul\u001b[39m\n                  \u001b[33mclass\u001b[39m=\u001b[32m\"flex w-full min-w-0 flex-c...\n    at Proxy.waitForWrapper (D:\\projects\\belAzurTravel\\node_modules\\@testing-library\\dom\\dist\\wait-for.js:163:27)\n    at D:\\projects\\belAzurTravel\\resources\\js\\test\\AdminTourForm.test.tsx:205:15\n    at file:///D:/projects/belAzurTravel/node_modules/@vitest/runner/dist/chunk-hooks.js:155:11\n    at file:///D:/projects/belAzurTravel/node_modules/@vitest/runner/dist/chunk-hooks.js:752:26\n    at file:///D:/projects/belAzurTravel/node_modules/@vitest/runner/dist/chunk-hooks.js:1897:20\n    at new Promise (<anonymous>)\n    at runWithTimeout (file:///D:/projects/belAzurTravel/node_modules/@vitest/runner/dist/chunk-hooks.js:1863:10)\n    at runTest (file:///D:/projects/belAzurTravel/node_modules/@vitest/runner/dist/chunk-hooks.js:1574:12)\n    at runSuite (file:///D:/projects/belAzurTravel/node_modules/@vitest/runner/dist/chunk-hooks.js:1729:8)\n    at runSuite (file:///D:/projects/belAzurTravel/node_modules/@vitest/runner/dist/chunk-hooks.js:1729:8)"],"meta":{}},{"ancestorTitles":["AdminTours"],"fullName":"AdminTours submits uploaded image and gallery files","status":"skipped","title":"submits uploaded image and gallery files","failureMessages":[],"meta":{}}],"startTime":1779444325619,"endTime":1779444330061.1035,"status":"failed","message":"","name":"D:/projects/belAzurTravel/resources/js/test/AdminTourForm.test.tsx"},{"assertionResults":[{"ancestorTitles":["TourDetail page"],"fullName":"TourDetail page does not redirect to the tours index while loading","status":"passed","title":"does not redirect to the tours index while loading","duration":22.020300000000134,"failureMessages":[],"meta":{}},{"ancestorTitles":["TourDetail page"],"fullName":"TourDetail page renders gallery image when API provides images fallback","status":"failed","title":"renders gallery image when API provides images fallback","duration":81.45849999999973,"failureMessages":["Error: No QueryClient set, use QueryClientProvider to set one\n    at useQueryClient (file:///D:/projects/belAzurTravel/node_modules/@tanstack/react-query/src/QueryClientProvider.tsx:18:11)\n    at BookingDialog (D:\\projects\\belAzurTravel\\resources\\js\\components\\forms\\BookingDialog.tsx:42:25)\n    at renderWithHooks (D:\\projects\\belAzurTravel\\node_modules\\react-dom\\cjs\\react-dom.development.js:15486:18)\n    at mountIndeterminateComponent (D:\\projects\\belAzurTravel\\node_modules\\react-dom\\cjs\\react-dom.development.js:20103:13)\n    at beginWork (D:\\projects\\belAzurTravel\\node_modules\\react-dom\\cjs\\react-dom.development.js:21626:16)\n    at beginWork$1 (D:\\projects\\belAzurTravel\\node_modules\\react-dom\\cjs\\react-dom.development.js:27465:14)\n    at performUnitOfWork (D:\\projects\\belAzurTravel\\node_modules\\react-dom\\cjs\\react-dom.development.js:26599:12)\n    at workLoopSync (D:\\projects\\belAzurTravel\\node_modules\\react-dom\\cjs\\react-dom.development.js:26505:5)\n    at renderRootSync (D:\\projects\\belAzurTravel\\node_modules\\react-dom\\cjs\\react-dom.development.js:26473:7)\n    at recoverFromConcurrentError (D:\\projects\\belAzurTravel\\node_modules\\react-dom\\cjs\\react-dom.development.js:25889:20)"],"meta":{}}],"startTime":1779444326233,"endTime":1779444326336.4585,"status":"failed","message":"","name":"D:/projects/belAzurTravel/resources/js/test/TourDetail.test.tsx"}]}